2026-02-01 21:49:22,636 - aqt.main - INFO - installer 129272257513280 aqtinstall(aqt) v3.3.0 on Python 3.12.1 [CPython GCC 13.3.0]
2026-02-01 21:49:22,636 - aqt.main - ERROR - installer 129272257513280 Invalid version or SimpleSpec: 'mingw'
See documentation at: https://python-semanticversion.readthedocs.io/en/latest/reference.html#semantic_version.SimpleSpec
Examples:
* "*": matches everything
* "5": matches every version with major=5
* "5.6": matches every version beginning with 5.6
* "5.*.3": matches versions with major=5 and patch=3
2026-02-01 21:50:06,035 - aqt.helper - DEBUG - helper 132157630248768 Attempt to download checksum at https://download.qt.io/online/qtsdkrepository/windows_x86/desktop/qt6_653/Updates.xml.sha256
2026-02-01 21:50:07,438 - aqt.helper - DEBUG - helper 132157630248768 Attempt to download checksum at https://download.qt.io/online/qtsdkrepository/windows_x86/desktop/qt6_653_wasm_singlethread/Updates.xml.sha256
2026-02-01 21:50:08,737 - aqt.helper - DEBUG - helper 132157630248768 Attempt to download checksum at https://download.qt.io/online/qtsdkrepository/windows_x86/desktop/qt6_653_wasm_multithread/Updates.xml.sha256
2026-02-01 21:50:40,977 - aqt.main - INFO - installer 136421013768000 aqtinstall(aqt) v3.3.0 on Python 3.12.1 [CPython GCC 13.3.0]
2026-02-01 21:50:40,978 - aqt.helper - DEBUG - helper 136421013768000 Attempt to download checksum at https://download.qt.io/online/qtsdkrepository/windows_x86/desktop/qt6_653/Updates.xml.sha256
2026-02-01 21:50:43,261 - aqt.helper - DEBUG - helper 132958141237056 Attempt to download checksum at https://download.qt.io/online/qtsdkrepository/windows_x86/desktop/qt6_653/qt.qt6.653.win64_mingw/6.5.3-0-202309260341qtbase-Windows-Windows_10_22H2-Mingw-Windows-Windows_10_22H2-X86_64.7z.sha256
2026-02-01 21:50:43,381 - aqt.helper - DEBUG - helper 130830854055744 Attempt to download checksum at https://download.qt.io/online/qtsdkrepository/windows_x86/desktop/qt6_653/qt.qt6.653.win64_mingw/6.5.3-0-202309260341qtsvg-Windows-Windows_10_22H2-Mingw-Windows-Windows_10_22H2-X86_64.7z.sha256
2026-02-01 21:50:43,396 - aqt.helper - DEBUG - helper 124380990428992 Attempt to download checksum at https://download.qt.io/online/qtsdkrepository/windows_x86/desktop/qt6_653/qt.qt6.653.win64_mingw/6.5.3-0-202309260341qtdeclarative-Windows-Windows_10_22H2-Mingw-Windows-Windows_10_22H2-X86_64.7z.sha256
2026-02-01 21:50:43,429 - aqt.helper - DEBUG - helper 123437747513152 Attempt to download checksum at https://download.qt.io/online/qtsdkrepository/windows_x86/desktop/qt6_653/qt.qt6.653.win64_mingw/6.5.3-0-202309260341qttools-Windows-Windows_10_22H2-Mingw-Windows-Windows_10_22H2-X86_64.7z.sha256
2026-02-01 21:50:43,897 - aqt.helper - INFO - helper 132958141237056 Downloading qtbase...
2026-02-01 21:50:43,897 - aqt.installer - DEBUG - installer 132958141237056 Download URL: https://download.qt.io/online/qtsdkrepository/windows_x86/desktop/qt6_653/qt.qt6.653.win64_mingw/6.5.3-0-202309260341qtbase-Windows-Windows_10_22H2-Mingw-Windows-Windows_10_22H2-X86_64.7z
2026-02-01 21:50:44,028 - aqt.helper - INFO - helper 130830854055744 Downloading qtsvg...
2026-02-01 21:50:44,033 - aqt.helper - INFO - helper 124380990428992 Downloading qtdeclarative...
2026-02-01 21:50:44,029 - aqt.installer - DEBUG - installer 130830854055744 Download URL: https://download.qt.io/online/qtsdkrepository/windows_x86/desktop/qt6_653/qt.qt6.653.win64_mingw/6.5.3-0-202309260341qtsvg-Windows-Windows_10_22H2-Mingw-Windows-Windows_10_22H2-X86_64.7z
2026-02-01 21:50:44,036 - aqt.installer - DEBUG - installer 124380990428992 Download URL: https://download.qt.io/online/qtsdkrepository/windows_x86/desktop/qt6_653/qt.qt6.653.win64_mingw/6.5.3-0-202309260341qtdeclarative-Windows-Windows_10_22H2-Mingw-Windows-Windows_10_22H2-X86_64.7z
2026-02-01 21:50:44,053 - aqt.helper - INFO - helper 123437747513152 Downloading qttools...
2026-02-01 21:50:44,053 - aqt.installer - DEBUG - installer 123437747513152 Download URL: https://download.qt.io/online/qtsdkrepository/windows_x86/desktop/qt6_653/qt.qt6.653.win64_mingw/6.5.3-0-202309260341qttools-Windows-Windows_10_22H2-Mingw-Windows-Windows_10_22H2-X86_64.7z
2026-02-01 21:50:44,541 - aqt.helper - DEBUG - helper 132958141237056 Asked to redirect(302) to: https://qt.mirror.constant.com/online/qtsdkrepository/windows_x86/desktop/qt6_653/qt.qt6.653.win64_mingw/6.5.3-0-202309260341qtbase-Windows-Windows_10_22H2-Mingw-Windows-Windows_10_22H2-X86_64.7z
2026-02-01 21:50:44,541 - aqt.helper - INFO - helper 132958141237056 Redirected: qt.mirror.constant.com
2026-02-01 21:50:44,672 - aqt.helper - DEBUG - helper 124380990428992 Asked to redirect(302) to: https://qt.mirror.constant.com/online/qtsdkrepository/windows_x86/desktop/qt6_653/qt.qt6.653.win64_mingw/6.5.3-0-202309260341qtdeclarative-Windows-Windows_10_22H2-Mingw-Windows-Windows_10_22H2-X86_64.7z
2026-02-01 21:50:44,672 - aqt.helper - INFO - helper 124380990428992 Redirected: qt.mirror.constant.com
2026-02-01 21:50:44,693 - aqt.helper - DEBUG - helper 123437747513152 Asked to redirect(302) to: https://qt.mirror.constant.com/online/qtsdkrepository/windows_x86/desktop/qt6_653/qt.qt6.653.win64_mingw/6.5.3-0-202309260341qttools-Windows-Windows_10_22H2-Mingw-Windows-Windows_10_22H2-X86_64.7z
2026-02-01 21:50:44,694 - aqt.helper - DEBUG - helper 130830854055744 Asked to redirect(302) to: https://qt.mirror.constant.com/online/qtsdkrepository/windows_x86/desktop/qt6_653/qt.qt6.653.win64_mingw/6.5.3-0-202309260341qtsvg-Windows-Windows_10_22H2-Mingw-Windows-Windows_10_22H2-X86_64.7z
2026-02-01 21:50:44,694 - aqt.helper - INFO - helper 123437747513152 Redirected: qt.mirror.constant.com
2026-02-01 21:50:44,695 - aqt.helper - INFO - helper 130830854055744 Redirected: qt.mirror.constant.com
2026-02-01 21:50:46,465 - aqt.installer - INFO - installer 130830854055744 Finished installation of qtsvg-Windows-Windows_10_22H2-Mingw-Windows-Windows_10_22H2-X86_64.7z in 3.08850377
2026-02-01 21:50:46,556 - aqt.helper - DEBUG - helper 130830854055744 Attempt to download checksum at https://download.qt.io/online/qtsdkrepository/windows_x86/desktop/qt6_653/qt.qt6.653.win64_mingw/6.5.3-0-202309260341qttranslations-Windows-Windows_10_22H2-Mingw-Windows-Windows_10_22H2-X86_64.7z.sha256
2026-02-01 21:50:47,280 - aqt.helper - INFO - helper 130830854055744 Downloading qttranslations...
2026-02-01 21:50:47,285 - aqt.installer - DEBUG - installer 130830854055744 Download URL: https://download.qt.io/online/qtsdkrepository/windows_x86/desktop/qt6_653/qt.qt6.653.win64_mingw/6.5.3-0-202309260341qttranslations-Windows-Windows_10_22H2-Mingw-Windows-Windows_10_22H2-X86_64.7z
2026-02-01 21:50:48,021 - aqt.helper - DEBUG - helper 130830854055744 Asked to redirect(302) to: https://qt.mirror.constant.com/online/qtsdkrepository/windows_x86/desktop/qt6_653/qt.qt6.653.win64_mingw/6.5.3-0-202309260341qttranslations-Windows-Windows_10_22H2-Mingw-Windows-Windows_10_22H2-X86_64.7z
2026-02-01 21:50:48,023 - aqt.helper - INFO - helper 130830854055744 Redirected: qt.mirror.constant.com
2026-02-01 21:50:49,537 - aqt.installer - INFO - installer 130830854055744 Finished installation of qttranslations-Windows-Windows_10_22H2-Mingw-Windows-Windows_10_22H2-X86_64.7z in 2.98336080
2026-02-01 21:50:49,578 - aqt.helper - DEBUG - helper 130830854055744 Attempt to download checksum at https://download.qt.io/online/qtsdkrepository/windows_x86/desktop/qt6_653/qt.qt6.653.win64_mingw/6.5.3-0-202309260341MinGW-w64-x86_64-11.2.0-release-posix-seh-rt_v9-rev1-runtime.7z.sha256
2026-02-01 21:50:50,290 - aqt.helper - INFO - helper 130830854055744 Downloading MinGW...
2026-02-01 21:50:50,294 - aqt.installer - DEBUG - installer 130830854055744 Download URL: https://download.qt.io/online/qtsdkrepository/windows_x86/desktop/qt6_653/qt.qt6.653.win64_mingw/6.5.3-0-202309260341MinGW-w64-x86_64-11.2.0-release-posix-seh-rt_v9-rev1-runtime.7z
2026-02-01 21:50:50,997 - aqt.helper - DEBUG - helper 130830854055744 Asked to redirect(302) to: https://qt.mirror.constant.com/online/qtsdkrepository/windows_x86/desktop/qt6_653/qt.qt6.653.win64_mingw/6.5.3-0-202309260341MinGW-w64-x86_64-11.2.0-release-posix-seh-rt_v9-rev1-runtime.7z
2026-02-01 21:50:51,000 - aqt.helper - INFO - helper 130830854055744 Redirected: qt.mirror.constant.com
2026-02-01 21:50:51,775 - aqt.installer - INFO - installer 130830854055744 Finished installation of MinGW-w64-x86_64-11.2.0-release-posix-seh-rt_v9-rev1-runtime.7z in 2.19889703
2026-02-01 21:50:51,811 - aqt.helper - DEBUG - helper 130830854055744 Attempt to download checksum at https://download.qt.io/online/qtsdkrepository/windows_x86/desktop/qt6_653/qt.qt6.653.win64_mingw/6.5.3-0-202309260341d3dcompiler_47-x64.7z.sha256
2026-02-01 21:50:52,067 - aqt.installer - INFO - installer 123437747513152 Finished installation of qttools-Windows-Windows_10_22H2-Mingw-Windows-Windows_10_22H2-X86_64.7z in 8.63983474
2026-02-01 21:50:52,131 - aqt.helper - DEBUG - helper 123437747513152 Attempt to download checksum at https://download.qt.io/online/qtsdkrepository/windows_x86/desktop/qt6_653/qt.qt6.653.win64_mingw/6.5.3-0-202309260341opengl32sw-64-mesa_11_2_2-signed_sha256.7z.sha256
2026-02-01 21:50:52,495 - aqt.installer - INFO - installer 132958141237056 Finished installation of qtbase-Windows-Windows_10_22H2-Mingw-Windows-Windows_10_22H2-X86_64.7z in 9.23985089
2026-02-01 21:50:52,555 - aqt.helper - INFO - helper 130830854055744 Downloading d3dcompiler_47...
2026-02-01 21:50:52,557 - aqt.installer - DEBUG - installer 130830854055744 Download URL: https://download.qt.io/online/qtsdkrepository/windows_x86/desktop/qt6_653/qt.qt6.653.win64_mingw/6.5.3-0-202309260341d3dcompiler_47-x64.7z
2026-02-01 21:50:52,844 - aqt.helper - INFO - helper 123437747513152 Downloading opengl32sw...
2026-02-01 21:50:52,845 - aqt.installer - DEBUG - installer 123437747513152 Download URL: https://download.qt.io/online/qtsdkrepository/windows_x86/desktop/qt6_653/qt.qt6.653.win64_mingw/6.5.3-0-202309260341opengl32sw-64-mesa_11_2_2-signed_sha256.7z
2026-02-01 21:50:53,246 - aqt.helper - DEBUG - helper 130830854055744 Asked to redirect(302) to: https://qt.mirror.constant.com/online/qtsdkrepository/windows_x86/desktop/qt6_653/qt.qt6.653.win64_mingw/6.5.3-0-202309260341d3dcompiler_47-x64.7z
2026-02-01 21:50:53,246 - aqt.helper - INFO - helper 130830854055744 Redirected: qt.mirror.constant.com
2026-02-01 21:50:53,584 - aqt.helper - DEBUG - helper 123437747513152 Asked to redirect(302) to: https://qt.mirror.constant.com/online/qtsdkrepository/windows_x86/desktop/qt6_653/qt.qt6.653.win64_mingw/6.5.3-0-202309260341opengl32sw-64-mesa_11_2_2-signed_sha256.7z
2026-02-01 21:50:53,586 - aqt.helper - INFO - helper 123437747513152 Redirected: qt.mirror.constant.com
2026-02-01 21:50:54,301 - aqt.installer - INFO - installer 130830854055744 Finished installation of d3dcompiler_47-x64.7z in 2.49447904
2026-02-01 21:50:55,554 - aqt.installer - INFO - installer 123437747513152 Finished installation of opengl32sw-64-mesa_11_2_2-signed_sha256.7z in 3.42728731
2026-02-01 21:50:57,079 - aqt.installer - INFO - installer 124380990428992 Finished installation of qtdeclarative-Windows-Windows_10_22H2-Mingw-Windows-Windows_10_22H2-X86_64.7z in 13.68542181
2026-02-01 21:50:57,209 - aqt.updater - INFO - updater 136421013768000 Patching /workspaces/Eyescire-Engine/6.5.3/mingw_64/lib/pkgconfig/Qt6QuickDialogs2QuickImpl.pc
2026-02-01 21:50:57,210 - aqt.updater - INFO - updater 136421013768000 Patching /workspaces/Eyescire-Engine/6.5.3/mingw_64/lib/pkgconfig/Qt6LabsAnimation.pc
2026-02-01 21:50:57,210 - aqt.updater - INFO - updater 136421013768000 Patching /workspaces/Eyescire-Engine/6.5.3/mingw_64/lib/pkgconfig/Qt6Help.pc
2026-02-01 21:50:57,211 - aqt.updater - INFO - updater 136421013768000 Patching /workspaces/Eyescire-Engine/6.5.3/mingw_64/lib/pkgconfig/Qt6OpenGL.pc
2026-02-01 21:50:57,211 - aqt.updater - INFO - updater 136421013768000 Patching /workspaces/Eyescire-Engine/6.5.3/mingw_64/lib/pkgconfig/Qt6QuickWidgets.pc
2026-02-01 21:50:57,212 - aqt.updater - INFO - updater 136421013768000 Patching /workspaces/Eyescire-Engine/6.5.3/mingw_64/lib/pkgconfig/Qt6LabsQmlModels.pc
2026-02-01 21:50:57,212 - aqt.updater - INFO - updater 136421013768000 Patching /workspaces/Eyescire-Engine/6.5.3/mingw_64/lib/pkgconfig/Qt6Designer.pc
2026-02-01 21:50:57,213 - aqt.updater - INFO - updater 136421013768000 Patching /workspaces/Eyescire-Engine/6.5.3/mingw_64/lib/pkgconfig/Qt6OpenGLWidgets.pc
2026-02-01 21:50:57,215 - aqt.updater - INFO - updater 136421013768000 Patching /workspaces/Eyescire-Engine/6.5.3/mingw_64/lib/pkgconfig/Qt6Test.pc
2026-02-01 21:50:57,215 - aqt.updater - INFO - updater 136421013768000 Patching /workspaces/Eyescire-Engine/6.5.3/mingw_64/lib/pkgconfig/Qt6UiPlugin.pc
2026-02-01 21:50:57,215 - aqt.updater - INFO - updater 136421013768000 Patching /workspaces/Eyescire-Engine/6.5.3/mingw_64/lib/pkgconfig/Qt6LabsWavefrontMesh.pc
2026-02-01 21:50:57,218 - aqt.updater - INFO - updater 136421013768000 Patching /workspaces/Eyescire-Engine/6.5.3/mingw_64/lib/pkgconfig/Qt6Sql.pc
2026-02-01 21:50:57,219 - aqt.updater - INFO - updater 136421013768000 Patching /workspaces/Eyescire-Engine/6.5.3/mingw_64/lib/pkgconfig/Qt6QmlWorkerScript.pc
2026-02-01 21:50:57,225 - aqt.updater - INFO - updater 136421013768000 Patching /workspaces/Eyescire-Engine/6.5.3/mingw_64/lib/pkgconfig/Qt6QuickTemplates2.pc
2026-02-01 21:50:57,227 - aqt.updater - INFO - updater 136421013768000 Patching /workspaces/Eyescire-Engine/6.5.3/mingw_64/lib/pkgconfig/Qt6Widgets.pc
2026-02-01 21:50:57,227 - aqt.updater - INFO - updater 136421013768000 Patching /workspaces/Eyescire-Engine/6.5.3/mingw_64/lib/pkgconfig/Qt6LabsSettings.pc
2026-02-01 21:50:57,228 - aqt.updater - INFO - updater 136421013768000 Patching /workspaces/Eyescire-Engine/6.5.3/mingw_64/lib/pkgconfig/Qt6SvgWidgets.pc
2026-02-01 21:50:57,228 - aqt.updater - INFO - updater 136421013768000 Patching /workspaces/Eyescire-Engine/6.5.3/mingw_64/lib/pkgconfig/Qt6PrintSupport.pc
2026-02-01 21:50:57,228 - aqt.updater - INFO - updater 136421013768000 Patching /workspaces/Eyescire-Engine/6.5.3/mingw_64/lib/pkgconfig/Qt6UiTools.pc
2026-02-01 21:50:57,229 - aqt.updater - INFO - updater 136421013768000 Patching /workspaces/Eyescire-Engine/6.5.3/mingw_64/lib/pkgconfig/Qt6QuickControls2.pc
2026-02-01 21:50:57,229 - aqt.updater - INFO - updater 136421013768000 Patching /workspaces/Eyescire-Engine/6.5.3/mingw_64/lib/pkgconfig/Qt6QuickDialogs2.pc
2026-02-01 21:50:57,230 - aqt.updater - INFO - updater 136421013768000 Patching /workspaces/Eyescire-Engine/6.5.3/mingw_64/lib/pkgconfig/Qt6Linguist.pc
2026-02-01 21:50:57,232 - aqt.updater - INFO - updater 136421013768000 Patching /workspaces/Eyescire-Engine/6.5.3/mingw_64/lib/pkgconfig/Qt6Network.pc
2026-02-01 21:50:57,233 - aqt.updater - INFO - updater 136421013768000 Patching /workspaces/Eyescire-Engine/6.5.3/mingw_64/lib/pkgconfig/Qt6LabsFolderListModel.pc
2026-02-01 21:50:57,236 - aqt.updater - INFO - updater 136421013768000 Patching /workspaces/Eyescire-Engine/6.5.3/mingw_64/lib/pkgconfig/Qt6Qml.pc
2026-02-01 21:50:57,237 - aqt.updater - INFO - updater 136421013768000 Patching /workspaces/Eyescire-Engine/6.5.3/mingw_64/lib/pkgconfig/Qt6Concurrent.pc
2026-02-01 21:50:57,238 - aqt.updater - INFO - updater 136421013768000 Patching /workspaces/Eyescire-Engine/6.5.3/mingw_64/lib/pkgconfig/Qt6QmlIntegration.pc
2026-02-01 21:50:57,238 - aqt.updater - INFO - updater 136421013768000 Patching /workspaces/Eyescire-Engine/6.5.3/mingw_64/lib/pkgconfig/Qt6Core.pc
2026-02-01 21:50:57,240 - aqt.updater - INFO - updater 136421013768000 Patching /workspaces/Eyescire-Engine/6.5.3/mingw_64/lib/pkgconfig/Qt6Svg.pc
2026-02-01 21:50:57,243 - aqt.updater - INFO - updater 136421013768000 Patching /workspaces/Eyescire-Engine/6.5.3/mingw_64/lib/pkgconfig/Qt6QmlXmlListModel.pc
2026-02-01 21:50:57,244 - aqt.updater - INFO - updater 136421013768000 Patching /workspaces/Eyescire-Engine/6.5.3/mingw_64/lib/pkgconfig/Qt6QuickDialogs2Utils.pc
2026-02-01 21:50:57,245 - aqt.updater - INFO - updater 136421013768000 Patching /workspaces/Eyescire-Engine/6.5.3/mingw_64/lib/pkgconfig/Qt6QuickTest.pc
2026-02-01 21:50:57,247 - aqt.updater - INFO - updater 136421013768000 Patching /workspaces/Eyescire-Engine/6.5.3/mingw_64/lib/pkgconfig/Qt6QuickLayouts.pc
2026-02-01 21:50:57,247 - aqt.updater - INFO - updater 136421013768000 Patching /workspaces/Eyescire-Engine/6.5.3/mingw_64/lib/pkgconfig/Qt6QmlModels.pc
2026-02-01 21:50:57,248 - aqt.updater - INFO - updater 136421013768000 Patching /workspaces/Eyescire-Engine/6.5.3/mingw_64/lib/pkgconfig/Qt6Gui.pc
2026-02-01 21:50:57,248 - aqt.updater - INFO - updater 136421013768000 Patching /workspaces/Eyescire-Engine/6.5.3/mingw_64/lib/pkgconfig/Qt6Platform.pc
2026-02-01 21:50:57,249 - aqt.updater - INFO - updater 136421013768000 Patching /workspaces/Eyescire-Engine/6.5.3/mingw_64/lib/pkgconfig/Qt6LabsSharedImage.pc
2026-02-01 21:50:57,251 - aqt.updater - INFO - updater 136421013768000 Patching /workspaces/Eyescire-Engine/6.5.3/mingw_64/lib/pkgconfig/Qt6DBus.pc
2026-02-01 21:50:57,253 - aqt.updater - INFO - updater 136421013768000 Patching /workspaces/Eyescire-Engine/6.5.3/mingw_64/lib/pkgconfig/Qt6QmlCore.pc
2026-02-01 21:50:57,254 - aqt.updater - INFO - updater 136421013768000 Patching /workspaces/Eyescire-Engine/6.5.3/mingw_64/lib/pkgconfig/Qt6Xml.pc
2026-02-01 21:50:57,254 - aqt.updater - INFO - updater 136421013768000 Patching /workspaces/Eyescire-Engine/6.5.3/mingw_64/lib/pkgconfig/Qt6QuickControls2Impl.pc
2026-02-01 21:50:57,256 - aqt.updater - INFO - updater 136421013768000 Patching /workspaces/Eyescire-Engine/6.5.3/mingw_64/lib/pkgconfig/Qt6Quick.pc
2026-02-01 21:50:57,257 - aqt.updater - INFO - updater 136421013768000 Patching /workspaces/Eyescire-Engine/6.5.3/mingw_64/lib/pkgconfig/Qt6QmlLocalStorage.pc
2026-02-01 21:50:57,259 - aqt.updater - INFO - updater 136421013768000 Patching /workspaces/Eyescire-Engine/6.5.3/mingw_64/lib/Qt6DeviceDiscoverySupport.prl
2026-02-01 21:50:57,260 - aqt.updater - INFO - updater 136421013768000 Patching /workspaces/Eyescire-Engine/6.5.3/mingw_64/lib/Qt6OpenGLWidgets.prl
2026-02-01 21:50:57,262 - aqt.updater - INFO - updater 136421013768000 Patching /workspaces/Eyescire-Engine/6.5.3/mingw_64/lib/Qt6Designer.prl
2026-02-01 21:50:57,262 - aqt.updater - INFO - updater 136421013768000 Patching /workspaces/Eyescire-Engine/6.5.3/mingw_64/lib/Qt6QuickParticles.prl
2026-02-01 21:50:57,263 - aqt.updater - INFO - updater 136421013768000 Patching /workspaces/Eyescire-Engine/6.5.3/mingw_64/lib/Qt6LabsWavefrontMesh.prl
2026-02-01 21:50:57,264 - aqt.updater - INFO - updater 136421013768000 Patching /workspaces/Eyescire-Engine/6.5.3/mingw_64/lib/Qt6QuickControls2.prl
2026-02-01 21:50:57,264 - aqt.updater - INFO - updater 136421013768000 Patching /workspaces/Eyescire-Engine/6.5.3/mingw_64/lib/Qt6QmlWorkerScript.prl
2026-02-01 21:50:57,265 - aqt.updater - INFO - updater 136421013768000 Patching /workspaces/Eyescire-Engine/6.5.3/mingw_64/lib/Qt6Gui.prl
2026-02-01 21:50:57,265 - aqt.updater - INFO - updater 136421013768000 Patching /workspaces/Eyescire-Engine/6.5.3/mingw_64/lib/Qt6QmlXmlListModel.prl
2026-02-01 21:50:57,266 - aqt.updater - INFO - updater 136421013768000 Patching /workspaces/Eyescire-Engine/6.5.3/mingw_64/lib/Qt6UiTools.prl
2026-02-01 21:50:57,266 - aqt.updater - INFO - updater 136421013768000 Patching /workspaces/Eyescire-Engine/6.5.3/mingw_64/lib/Qt6OpenGL.prl
2026-02-01 21:50:57,266 - aqt.updater - INFO - updater 136421013768000 Patching /workspaces/Eyescire-Engine/6.5.3/mingw_64/lib/Qt6PrintSupport.prl
2026-02-01 21:50:57,267 - aqt.updater - INFO - updater 136421013768000 Patching /workspaces/Eyescire-Engine/6.5.3/mingw_64/lib/Qt6SvgWidgets.prl
2026-02-01 21:50:57,267 - aqt.updater - INFO - updater 136421013768000 Patching /workspaces/Eyescire-Engine/6.5.3/mingw_64/lib/Qt6QuickTemplates2.prl
2026-02-01 21:50:57,268 - aqt.updater - INFO - updater 136421013768000 Patching /workspaces/Eyescire-Engine/6.5.3/mingw_64/lib/Qt6QuickWidgets.prl
2026-02-01 21:50:57,268 - aqt.updater - INFO - updater 136421013768000 Patching /workspaces/Eyescire-Engine/6.5.3/mingw_64/lib/Qt6QmlCompiler.prl
2026-02-01 21:50:57,269 - aqt.updater - INFO - updater 136421013768000 Patching /workspaces/Eyescire-Engine/6.5.3/mingw_64/lib/Qt6QuickLayouts.prl
2026-02-01 21:50:57,271 - aqt.updater - INFO - updater 136421013768000 Patching /workspaces/Eyescire-Engine/6.5.3/mingw_64/lib/Qt6QuickDialogs2.prl
2026-02-01 21:50:57,272 - aqt.updater - INFO - updater 136421013768000 Patching /workspaces/Eyescire-Engine/6.5.3/mingw_64/lib/Qt6Quick.prl
2026-02-01 21:50:57,273 - aqt.updater - INFO - updater 136421013768000 Patching /workspaces/Eyescire-Engine/6.5.3/mingw_64/lib/Qt6Help.prl
2026-02-01 21:50:57,275 - aqt.updater - INFO - updater 136421013768000 Patching /workspaces/Eyescire-Engine/6.5.3/mingw_64/lib/Qt6Sql.prl
2026-02-01 21:50:57,276 - aqt.updater - INFO - updater 136421013768000 Patching /workspaces/Eyescire-Engine/6.5.3/mingw_64/lib/Qt6Core.prl
2026-02-01 21:50:57,277 - aqt.updater - INFO - updater 136421013768000 Patching /workspaces/Eyescire-Engine/6.5.3/mingw_64/lib/Qt6ExampleIcons.prl
2026-02-01 21:50:57,278 - aqt.updater - INFO - updater 136421013768000 Patching /workspaces/Eyescire-Engine/6.5.3/mingw_64/lib/Qt6Network.prl
2026-02-01 21:50:57,279 - aqt.updater - INFO - updater 136421013768000 Patching /workspaces/Eyescire-Engine/6.5.3/mingw_64/lib/Qt6QmlDebug.prl
2026-02-01 21:50:57,281 - aqt.updater - INFO - updater 136421013768000 Patching /workspaces/Eyescire-Engine/6.5.3/mingw_64/lib/Qt6Xml.prl
2026-02-01 21:50:57,281 - aqt.updater - INFO - updater 136421013768000 Patching /workspaces/Eyescire-Engine/6.5.3/mingw_64/lib/Qt6LabsFolderListModel.prl
2026-02-01 21:50:57,282 - aqt.updater - INFO - updater 136421013768000 Patching /workspaces/Eyescire-Engine/6.5.3/mingw_64/lib/Qt6Qml.prl
2026-02-01 21:50:57,282 - aqt.updater - INFO - updater 136421013768000 Patching /workspaces/Eyescire-Engine/6.5.3/mingw_64/lib/Qt6QuickControlsTestUtils.prl
2026-02-01 21:50:57,283 - aqt.updater - INFO - updater 136421013768000 Patching /workspaces/Eyescire-Engine/6.5.3/mingw_64/lib/Qt6QuickDialogs2QuickImpl.prl
2026-02-01 21:50:57,283 - aqt.updater - INFO - updater 136421013768000 Patching /workspaces/Eyescire-Engine/6.5.3/mingw_64/lib/Qt6LabsAnimation.prl
2026-02-01 21:50:57,284 - aqt.updater - INFO - updater 136421013768000 Patching /workspaces/Eyescire-Engine/6.5.3/mingw_64/lib/Qt6Concurrent.prl
2026-02-01 21:50:57,284 - aqt.updater - INFO - updater 136421013768000 Patching /workspaces/Eyescire-Engine/6.5.3/mingw_64/lib/Qt6FbSupport.prl
2026-02-01 21:50:57,286 - aqt.updater - INFO - updater 136421013768000 Patching /workspaces/Eyescire-Engine/6.5.3/mingw_64/lib/Qt6Test.prl
2026-02-01 21:50:57,288 - aqt.updater - INFO - updater 136421013768000 Patching /workspaces/Eyescire-Engine/6.5.3/mingw_64/lib/Qt6QuickControls2Impl.prl
2026-02-01 21:50:57,289 - aqt.updater - INFO - updater 136421013768000 Patching /workspaces/Eyescire-Engine/6.5.3/mingw_64/lib/Qt6LabsQmlModels.prl
2026-02-01 21:50:57,289 - aqt.updater - INFO - updater 136421013768000 Patching /workspaces/Eyescire-Engine/6.5.3/mingw_64/lib/Qt6Widgets.prl
2026-02-01 21:50:57,291 - aqt.updater - INFO - updater 136421013768000 Patching /workspaces/Eyescire-Engine/6.5.3/mingw_64/lib/Qt6LabsSettings.prl
2026-02-01 21:50:57,292 - aqt.updater - INFO - updater 136421013768000 Patching /workspaces/Eyescire-Engine/6.5.3/mingw_64/lib/Qt6QuickShapes.prl
2026-02-01 21:50:57,292 - aqt.updater - INFO - updater 136421013768000 Patching /workspaces/Eyescire-Engine/6.5.3/mingw_64/lib/Qt6QuickEffects.prl
2026-02-01 21:50:57,293 - aqt.updater - INFO - updater 136421013768000 Patching /workspaces/Eyescire-Engine/6.5.3/mingw_64/lib/Qt6EntryPoint.prl
2026-02-01 21:50:57,293 - aqt.updater - INFO - updater 136421013768000 Patching /workspaces/Eyescire-Engine/6.5.3/mingw_64/lib/Qt6QuickDialogs2Utils.prl
2026-02-01 21:50:57,294 - aqt.updater - INFO - updater 136421013768000 Patching /workspaces/Eyescire-Engine/6.5.3/mingw_64/lib/Qt6QmlModels.prl
2026-02-01 21:50:57,294 - aqt.updater - INFO - updater 136421013768000 Patching /workspaces/Eyescire-Engine/6.5.3/mingw_64/lib/Qt6QmlLocalStorage.prl
2026-02-01 21:50:57,295 - aqt.updater - INFO - updater 136421013768000 Patching /workspaces/Eyescire-Engine/6.5.3/mingw_64/lib/Qt6Svg.prl
2026-02-01 21:50:57,295 - aqt.updater - INFO - updater 136421013768000 Patching /workspaces/Eyescire-Engine/6.5.3/mingw_64/lib/Qt6QmlCore.prl
2026-02-01 21:50:57,296 - aqt.updater - INFO - updater 136421013768000 Patching /workspaces/Eyescire-Engine/6.5.3/mingw_64/lib/Qt6DesignerComponents.prl
2026-02-01 21:50:57,296 - aqt.updater - INFO - updater 136421013768000 Patching /workspaces/Eyescire-Engine/6.5.3/mingw_64/lib/Qt6PacketProtocol.prl
2026-02-01 21:50:57,297 - aqt.updater - INFO - updater 136421013768000 Patching /workspaces/Eyescire-Engine/6.5.3/mingw_64/lib/Qt6QmlDom.prl
2026-02-01 21:50:57,298 - aqt.updater - INFO - updater 136421013768000 Patching /workspaces/Eyescire-Engine/6.5.3/mingw_64/lib/Qt6QuickTestUtils.prl
2026-02-01 21:50:57,300 - aqt.updater - INFO - updater 136421013768000 Patching /workspaces/Eyescire-Engine/6.5.3/mingw_64/lib/Qt6LabsSharedImage.prl
2026-02-01 21:50:57,301 - aqt.updater - INFO - updater 136421013768000 Patching /workspaces/Eyescire-Engine/6.5.3/mingw_64/lib/Qt6DBus.prl
2026-02-01 21:50:57,302 - aqt.updater - INFO - updater 136421013768000 Patching /workspaces/Eyescire-Engine/6.5.3/mingw_64/lib/Qt6QuickTest.prl
2026-02-01 21:50:57,304 - aqt.updater - INFO - updater 136421013768000 Patching /workspaces/Eyescire-Engine/6.5.3/mingw_64/lib/Qt6QmlTypeRegistrar.prl
2026-02-01 21:50:57,305 - aqt.main - INFO - installer 136421013768000 Finished installation
2026-02-01 21:50:57,305 - aqt.main - INFO - installer 136421013768000 Time elapsed: 16.32777017 second
